#! /usr/bin/vvp
:ivl_version "10.3 (stable)";
:ivl_delay_selection "TYPICAL";
:vpi_time_precision + 0;
:vpi_module "system";
:vpi_module "vhdl_sys";
:vpi_module "v2005_math";
:vpi_module "va_math";
S_0x55926ae600d0 .scope module, "tb_counter" "tb_counter" 2 1;
 .timescale 0 0;
v0x55926aea6c20_0 .var "clk", 0 0;
v0x55926aea6cf0_0 .net "out", 3 0, v0x55926aea6a20_0;  1 drivers
v0x55926aea6dc0_0 .var "rstn", 0 0;
S_0x55926ae60250 .scope module, "c0" "counter" 2 7, 3 1 0, S_0x55926ae600d0;
 .timescale 0 0;
    .port_info 0 /INPUT 1 "clk"
    .port_info 1 /INPUT 1 "rstn"
    .port_info 2 /OUTPUT 4 "out"
v0x55926ae97110_0 .net "clk", 0 0, v0x55926aea6c20_0;  1 drivers
v0x55926aea6a20_0 .var "out", 3 0;
v0x55926aea6b00_0 .net "rstn", 0 0, v0x55926aea6dc0_0;  1 drivers
E_0x55926ae609f0 .event posedge, v0x55926ae97110_0;
    .scope S_0x55926ae60250;
T_0 ;
    %wait E_0x55926ae609f0;
    %load/vec4 v0x55926aea6b00_0;
    %nor/r;
    %flag_set/vec4 8;
    %jmp/0xz  T_0.0, 8;
    %pushi/vec4 0, 0, 4;
    %assign/vec4 v0x55926aea6a20_0, 0;
    %jmp T_0.1;
T_0.0 ;
    %load/vec4 v0x55926aea6a20_0;
    %addi 1, 0, 4;
    %assign/vec4 v0x55926aea6a20_0, 0;
T_0.1 ;
    %jmp T_0;
    .thread T_0;
    .scope S_0x55926ae600d0;
T_1 ;
    %delay 5, 0;
    %load/vec4 v0x55926aea6c20_0;
    %inv;
    %store/vec4 v0x55926aea6c20_0, 0, 1;
    %jmp T_1;
    .thread T_1;
    .scope S_0x55926ae600d0;
T_2 ;
    %pushi/vec4 0, 0, 1;
    %assign/vec4 v0x55926aea6c20_0, 0;
    %pushi/vec4 0, 0, 1;
    %assign/vec4 v0x55926aea6dc0_0, 0;
    %delay 20, 0;
    %pushi/vec4 1, 0, 1;
    %assign/vec4 v0x55926aea6dc0_0, 0;
    %delay 80, 0;
    %pushi/vec4 0, 0, 1;
    %assign/vec4 v0x55926aea6dc0_0, 0;
    %delay 50, 0;
    %pushi/vec4 1, 0, 1;
    %assign/vec4 v0x55926aea6dc0_0, 0;
    %delay 20, 0;
    %vpi_call 2 21 "$finish" {0 0 0};
    %end;
    .thread T_2;
    .scope S_0x55926ae600d0;
T_3 ;
    %vpi_call 2 26 "$dumpfile", "counter_wave.vcd" {0 0 0};
    %vpi_call 2 27 "$dumpvars", 32'sb00000000000000000000000000000000, S_0x55926ae600d0 {0 0 0};
    %end;
    .thread T_3;
# The file index is used to find the file name in the following table.
:file_names 4;
    "N/A";
    "<interactive>";
    "tb.v";
    "counter.v";
