#! /usr/bin/vvp
:ivl_version "10.3 (stable)";
:ivl_delay_selection "TYPICAL";
:vpi_time_precision + 0;
:vpi_module "system";
:vpi_module "vhdl_sys";
:vpi_module "v2005_math";
:vpi_module "va_math";
S_0x55d68f87b030 .scope module, "tb" "tb" 2 1;
 .timescale 0 0;
P_0x55d68f88c710 .param/l "N" 0 2 2, +C4<00000000000000000000000000001010>;
P_0x55d68f88c750 .param/l "WIDTH" 0 2 3, +C4<00000000000000000000000000000100>;
v0x55d68f8c4890_0 .var "clk", 0 0;
v0x55d68f8c4960_0 .net "out", 3 0, v0x55d68f88f7e0_0;  1 drivers
v0x55d68f8c4a30_0 .var "rstn", 0 0;
S_0x55d68f87b250 .scope module, "u0" "modN_ctr" 2 9, 3 1 0, S_0x55d68f87b030;
 .timescale 0 0;
    .port_info 0 /INPUT 1 "clk"
    .port_info 1 /INPUT 1 "rstn"
    .port_info 2 /OUTPUT 4 "out"
P_0x55d68f88c830 .param/l "N" 0 3 2, +C4<00000000000000000000000000001010>;
P_0x55d68f88c870 .param/l "WIDTH" 0 3 3, +C4<00000000000000000000000000000100>;
v0x55d68f88f4d0_0 .net "clk", 0 0, v0x55d68f8c4890_0;  1 drivers
v0x55d68f88f7e0_0 .var "out", 3 0;
v0x55d68f8c4740_0 .net "rstn", 0 0, v0x55d68f8c4a30_0;  1 drivers
E_0x55d68f8b0540 .event posedge, v0x55d68f88f4d0_0;
    .scope S_0x55d68f87b250;
T_0 ;
    %wait E_0x55d68f8b0540;
    %load/vec4 v0x55d68f8c4740_0;
    %nor/r;
    %flag_set/vec4 8;
    %jmp/0xz  T_0.0, 8;
    %pushi/vec4 0, 0, 4;
    %assign/vec4 v0x55d68f88f7e0_0, 0;
    %jmp T_0.1;
T_0.0 ;
    %load/vec4 v0x55d68f88f7e0_0;
    %pad/u 32;
    %cmpi/e 9, 0, 32;
    %jmp/0xz  T_0.2, 4;
    %pushi/vec4 0, 0, 4;
    %assign/vec4 v0x55d68f88f7e0_0, 0;
    %jmp T_0.3;
T_0.2 ;
    %load/vec4 v0x55d68f88f7e0_0;
    %addi 1, 0, 4;
    %assign/vec4 v0x55d68f88f7e0_0, 0;
T_0.3 ;
T_0.1 ;
    %jmp T_0;
    .thread T_0;
    .scope S_0x55d68f87b030;
T_1 ;
    %delay 10, 0;
    %load/vec4 v0x55d68f8c4890_0;
    %inv;
    %store/vec4 v0x55d68f8c4890_0, 0, 1;
    %jmp T_1;
    .thread T_1;
    .scope S_0x55d68f87b030;
T_2 ;
    %pushi/vec4 0, 0, 2;
    %split/vec4 1;
    %assign/vec4 v0x55d68f8c4a30_0, 0;
    %assign/vec4 v0x55d68f8c4890_0, 0;
    %vpi_call 2 18 "$monitor", "T=%0t rstn=%0b out=0x%0h", $time, v0x55d68f8c4a30_0, v0x55d68f8c4960_0 {0 0 0};
    %pushi/vec4 2, 0, 32;
T_2.0 %dup/vec4;
    %pushi/vec4 0, 0, 32;
    %cmp/s;
    %jmp/1xz T_2.1, 5;
    %jmp/1 T_2.1, 4;
    %pushi/vec4 1, 0, 32;
    %sub;
    %wait E_0x55d68f8b0540;
    %jmp T_2.0;
T_2.1 ;
    %pop/vec4 1;
    %pushi/vec4 1, 0, 1;
    %assign/vec4 v0x55d68f8c4a30_0, 0;
    %pushi/vec4 20, 0, 32;
T_2.2 %dup/vec4;
    %pushi/vec4 0, 0, 32;
    %cmp/s;
    %jmp/1xz T_2.3, 5;
    %jmp/1 T_2.3, 4;
    %pushi/vec4 1, 0, 32;
    %sub;
    %wait E_0x55d68f8b0540;
    %jmp T_2.2;
T_2.3 ;
    %pop/vec4 1;
    %vpi_call 2 23 "$finish" {0 0 0};
    %end;
    .thread T_2;
    .scope S_0x55d68f87b030;
T_3 ;
    %vpi_call 2 27 "$dumpfile", "modN_wave.vcd" {0 0 0};
    %vpi_call 2 28 "$dumpvars", 32'sb00000000000000000000000000000000, S_0x55d68f87b030 {0 0 0};
    %end;
    .thread T_3;
# The file index is used to find the file name in the following table.
:file_names 4;
    "N/A";
    "<interactive>";
    "tb.v";
    "modN.v";
