#! /usr/bin/vvp
:ivl_version "10.3 (stable)";
:ivl_delay_selection "TYPICAL";
:vpi_time_precision + 0;
:vpi_module "system";
:vpi_module "vhdl_sys";
:vpi_module "v2005_math";
:vpi_module "va_math";
S_0x563d15f5d060 .scope module, "tb_dff" "tb_dff" 2 1;
 .timescale 0 0;
v0x563d15fa6640_0 .var "clk", 0 0;
v0x563d15fa6700_0 .var "d", 0 0;
v0x563d15fa67d0_0 .var "delay", 2 0;
v0x563d15fa68a0_0 .var/i "i", 31 0;
v0x563d15fa6960_0 .net "q", 0 0, v0x563d15fa6400_0;  1 drivers
v0x563d15fa6a50_0 .var "rstn", 0 0;
S_0x563d15f5d1e0 .scope module, "dff0" "dff" 2 9, 3 1 0, S_0x563d15f5d060;
 .timescale 0 0;
    .port_info 0 /INPUT 1 "d"
    .port_info 1 /INPUT 1 "rstn"
    .port_info 2 /INPUT 1 "clk"
    .port_info 3 /OUTPUT 1 "q"
v0x563d15f953b0_0 .net "clk", 0 0, v0x563d15fa6640_0;  1 drivers
v0x563d15fa6340_0 .net "d", 0 0, v0x563d15fa6700_0;  1 drivers
v0x563d15fa6400_0 .var "q", 0 0;
v0x563d15fa64d0_0 .net "rstn", 0 0, v0x563d15fa6a50_0;  1 drivers
E_0x563d15f5d8e0/0 .event negedge, v0x563d15fa64d0_0;
E_0x563d15f5d8e0/1 .event posedge, v0x563d15f953b0_0;
E_0x563d15f5d8e0 .event/or E_0x563d15f5d8e0/0, E_0x563d15f5d8e0/1;
    .scope S_0x563d15f5d1e0;
T_0 ;
    %wait E_0x563d15f5d8e0;
    %load/vec4 v0x563d15fa64d0_0;
    %nor/r;
    %flag_set/vec4 8;
    %jmp/0xz  T_0.0, 8;
    %pushi/vec4 0, 0, 1;
    %assign/vec4 v0x563d15fa6400_0, 0;
    %jmp T_0.1;
T_0.0 ;
    %load/vec4 v0x563d15fa6340_0;
    %assign/vec4 v0x563d15fa6400_0, 0;
T_0.1 ;
    %jmp T_0;
    .thread T_0;
    .scope S_0x563d15f5d060;
T_1 ;
    %delay 10, 0;
    %load/vec4 v0x563d15fa6640_0;
    %inv;
    %store/vec4 v0x563d15fa6640_0, 0, 1;
    %jmp T_1;
    .thread T_1;
    .scope S_0x563d15f5d060;
T_2 ;
    %pushi/vec4 0, 0, 1;
    %assign/vec4 v0x563d15fa6640_0, 0;
    %pushi/vec4 0, 0, 1;
    %assign/vec4 v0x563d15fa6700_0, 0;
    %pushi/vec4 0, 0, 1;
    %assign/vec4 v0x563d15fa6a50_0, 0;
    %delay 15, 0;
    %pushi/vec4 1, 0, 1;
    %assign/vec4 v0x563d15fa6700_0, 0;
    %delay 10, 0;
    %pushi/vec4 1, 0, 1;
    %assign/vec4 v0x563d15fa6a50_0, 0;
    %pushi/vec4 0, 0, 32;
    %store/vec4 v0x563d15fa68a0_0, 0, 32;
T_2.0 ;
    %load/vec4 v0x563d15fa68a0_0;
    %cmpi/s 5, 0, 32;
    %jmp/0xz T_2.1, 5;
    %vpi_func 2 24 "$random" 32 {0 0 0};
    %pad/s 3;
    %store/vec4 v0x563d15fa67d0_0, 0, 3;
    %load/vec4 v0x563d15fa67d0_0;
    %pad/u 64;
    %muli 1, 0, 64;
    %ix/vec4 4;
    %delayx 4;
    %pushi/vec4 1, 0, 1;
    %assign/vec4 v0x563d15fa6700_0, 0;
    %load/vec4 v0x563d15fa68a0_0;
    %addi 1, 0, 32;
    %store/vec4 v0x563d15fa68a0_0, 0, 32;
    %jmp T_2.0;
T_2.1 ;
    %delay 40, 0;
    %vpi_call 2 28 "$finish" {0 0 0};
    %end;
    .thread T_2;
    .scope S_0x563d15f5d060;
T_3 ;
    %vpi_call 2 32 "$dumpfile", "d_ff_wave.vcd" {0 0 0};
    %vpi_call 2 33 "$dumpvars", 32'sb00000000000000000000000000000000, S_0x563d15f5d060 {0 0 0};
    %end;
    .thread T_3;
# The file index is used to find the file name in the following table.
:file_names 4;
    "N/A";
    "<interactive>";
    "d_tb.v";
    "d_ff.v";
