#! /usr/bin/vvp
:ivl_version "10.3 (stable)";
:ivl_delay_selection "TYPICAL";
:vpi_time_precision + 0;
:vpi_module "system";
:vpi_module "vhdl_sys";
:vpi_module "v2005_math";
:vpi_module "va_math";
S_0x56120c42f030 .scope module, "tb_latch" "tb_latch" 2 1;
 .timescale 0 0;
v0x56120c479840_0 .var "d", 0 0;
v0x56120c479900_0 .var "delay", 2 0;
v0x56120c4799c0_0 .var "delay2", 1 0;
v0x56120c479ab0_0 .var "en", 0 0;
v0x56120c479b80_0 .var/i "i", 31 0;
v0x56120c479c90_0 .net "q", 0 0, v0x56120c479600_0;  1 drivers
v0x56120c479d30_0 .var "rstn", 0 0;
S_0x56120c42f1b0 .scope module, "dl0" "d_latch" 2 9, 3 1 0, S_0x56120c42f030;
 .timescale 0 0;
    .port_info 0 /INPUT 1 "d"
    .port_info 1 /INPUT 1 "en"
    .port_info 2 /INPUT 1 "rstn"
    .port_info 3 /OUTPUT 1 "q"
v0x56120c467800_0 .net "d", 0 0, v0x56120c479840_0;  1 drivers
v0x56120c479540_0 .net "en", 0 0, v0x56120c479ab0_0;  1 drivers
v0x56120c479600_0 .var "q", 0 0;
v0x56120c4796d0_0 .net "rstn", 0 0, v0x56120c479d30_0;  1 drivers
E_0x56120c42f8e0 .event edge, v0x56120c467800_0, v0x56120c4796d0_0, v0x56120c479540_0;
    .scope S_0x56120c42f1b0;
T_0 ;
    %wait E_0x56120c42f8e0;
    %load/vec4 v0x56120c4796d0_0;
    %nor/r;
    %flag_set/vec4 8;
    %jmp/0xz  T_0.0, 8;
    %pushi/vec4 0, 0, 1;
    %assign/vec4 v0x56120c479600_0, 0;
    %jmp T_0.1;
T_0.0 ;
    %load/vec4 v0x56120c479540_0;
    %flag_set/vec4 8;
    %jmp/0xz  T_0.2, 8;
    %load/vec4 v0x56120c467800_0;
    %assign/vec4 v0x56120c479600_0, 0;
T_0.2 ;
T_0.1 ;
    %jmp T_0;
    .thread T_0, $push;
    .scope S_0x56120c42f030;
T_1 ;
    %vpi_call 2 15 "$monitor", "[%0t] en=%0b d=%0b q=%0b", $time, v0x56120c479ab0_0, v0x56120c479840_0, v0x56120c479c90_0 {0 0 0};
    %pushi/vec4 0, 0, 1;
    %assign/vec4 v0x56120c479840_0, 0;
    %pushi/vec4 0, 0, 1;
    %assign/vec4 v0x56120c479ab0_0, 0;
    %pushi/vec4 0, 0, 1;
    %assign/vec4 v0x56120c479d30_0, 0;
    %delay 10, 0;
    %pushi/vec4 1, 0, 1;
    %assign/vec4 v0x56120c479d30_0, 0;
    %pushi/vec4 0, 0, 32;
    %store/vec4 v0x56120c479b80_0, 0, 32;
T_1.0 ;
    %load/vec4 v0x56120c479b80_0;
    %cmpi/s 5, 0, 32;
    %jmp/0xz T_1.1, 5;
    %vpi_func 2 24 "$random" 32 {0 0 0};
    %pad/s 3;
    %store/vec4 v0x56120c479900_0, 0, 3;
    %vpi_func 2 25 "$random" 32 {0 0 0};
    %pad/s 2;
    %store/vec4 v0x56120c4799c0_0, 0, 2;
    %load/vec4 v0x56120c4799c0_0;
    %pad/u 64;
    %muli 1, 0, 64;
    %ix/vec4 4;
    %delayx 4;
    %load/vec4 v0x56120c479ab0_0;
    %inv;
    %assign/vec4 v0x56120c479ab0_0, 0;
    %load/vec4 v0x56120c479900_0;
    %pad/u 64;
    %muli 1, 0, 64;
    %ix/vec4 4;
    %delayx 4;
    %load/vec4 v0x56120c479b80_0;
    %pad/s 1;
    %assign/vec4 v0x56120c479840_0, 0;
    %load/vec4 v0x56120c479b80_0;
    %addi 1, 0, 32;
    %store/vec4 v0x56120c479b80_0, 0, 32;
    %jmp T_1.0;
T_1.1 ;
    %end;
    .thread T_1;
    .scope S_0x56120c42f030;
T_2 ;
    %vpi_call 2 33 "$dumpfile", "d_latch_wave.vcd" {0 0 0};
    %vpi_call 2 34 "$dumpvars", 32'sb00000000000000000000000000000000, S_0x56120c42f030 {0 0 0};
    %end;
    .thread T_2;
# The file index is used to find the file name in the following table.
:file_names 4;
    "N/A";
    "<interactive>";
    "d_tb.v";
    "d_latch.v";
