#! /usr/bin/vvp
:ivl_version "10.3 (stable)";
:ivl_delay_selection "TYPICAL";
:vpi_time_precision + 0;
:vpi_module "system";
:vpi_module "vhdl_sys";
:vpi_module "v2005_math";
:vpi_module "va_math";
S_0x55569b371130 .scope module, "tb" "tb" 2 1;
 .timescale 0 0;
v0x55569b3bd4a0_0 .var "a", 7 0;
v0x55569b3bd580_0 .var "b", 7 0;
v0x55569b3bd650_0 .var "c", 7 0;
v0x55569b3bd750_0 .var "d", 7 0;
v0x55569b3bd820_0 .var/i "i", 31 0;
v0x55569b3bd910_0 .net "out", 7 0, v0x55569b3bd1d0_0;  1 drivers
v0x55569b3bd9d0_0 .var "sel", 1 0;
S_0x55569b3712b0 .scope module, "pr_en0" "pr_en" 2 10, 3 1 0, S_0x55569b371130;
 .timescale 0 0;
    .port_info 0 /INPUT 8 "a"
    .port_info 1 /INPUT 8 "b"
    .port_info 2 /INPUT 8 "c"
    .port_info 3 /INPUT 8 "d"
    .port_info 4 /INPUT 2 "sel"
    .port_info 5 /OUTPUT 8 "out"
v0x55569b3a99a0_0 .net "a", 7 0, v0x55569b3bd4a0_0;  1 drivers
v0x55569b3bcf50_0 .net "b", 7 0, v0x55569b3bd580_0;  1 drivers
v0x55569b3bd030_0 .net "c", 7 0, v0x55569b3bd650_0;  1 drivers
v0x55569b3bd0f0_0 .net "d", 7 0, v0x55569b3bd750_0;  1 drivers
v0x55569b3bd1d0_0 .var "out", 7 0;
v0x55569b3bd300_0 .net "sel", 1 0, v0x55569b3bd9d0_0;  1 drivers
E_0x55569b3aaba0/0 .event edge, v0x55569b3bd300_0, v0x55569b3bd0f0_0, v0x55569b3bd030_0, v0x55569b3bcf50_0;
E_0x55569b3aaba0/1 .event edge, v0x55569b3a99a0_0;
E_0x55569b3aaba0 .event/or E_0x55569b3aaba0/0, E_0x55569b3aaba0/1;
    .scope S_0x55569b3712b0;
T_0 ;
    %wait E_0x55569b3aaba0;
    %load/vec4 v0x55569b3bd300_0;
    %cmpi/e 0, 0, 2;
    %jmp/0xz  T_0.0, 4;
    %load/vec4 v0x55569b3a99a0_0;
    %assign/vec4 v0x55569b3bd1d0_0, 0;
    %jmp T_0.1;
T_0.0 ;
    %load/vec4 v0x55569b3bd300_0;
    %cmpi/e 1, 0, 2;
    %jmp/0xz  T_0.2, 4;
    %load/vec4 v0x55569b3bcf50_0;
    %assign/vec4 v0x55569b3bd1d0_0, 0;
    %jmp T_0.3;
T_0.2 ;
    %load/vec4 v0x55569b3bd300_0;
    %cmpi/e 2, 0, 2;
    %jmp/0xz  T_0.4, 4;
    %load/vec4 v0x55569b3bd030_0;
    %assign/vec4 v0x55569b3bd1d0_0, 0;
    %jmp T_0.5;
T_0.4 ;
    %load/vec4 v0x55569b3bd0f0_0;
    %assign/vec4 v0x55569b3bd1d0_0, 0;
T_0.5 ;
T_0.3 ;
T_0.1 ;
    %jmp T_0;
    .thread T_0, $push;
    .scope S_0x55569b371130;
T_1 ;
    %pushi/vec4 0, 0, 2;
    %assign/vec4 v0x55569b3bd9d0_0, 0;
    %vpi_func 2 19 "$random" 32 {0 0 0};
    %pad/s 8;
    %assign/vec4 v0x55569b3bd4a0_0, 0;
    %vpi_func 2 20 "$random" 32 {0 0 0};
    %pad/s 8;
    %assign/vec4 v0x55569b3bd580_0, 0;
    %vpi_func 2 21 "$random" 32 {0 0 0};
    %pad/s 8;
    %assign/vec4 v0x55569b3bd650_0, 0;
    %vpi_func 2 22 "$random" 32 {0 0 0};
    %pad/s 8;
    %assign/vec4 v0x55569b3bd750_0, 0;
    %pushi/vec4 1, 0, 32;
    %store/vec4 v0x55569b3bd820_0, 0, 32;
T_1.0 ;
    %load/vec4 v0x55569b3bd820_0;
    %cmpi/s 4, 0, 32;
    %jmp/0xz T_1.1, 5;
    %delay 5, 0;
    %load/vec4 v0x55569b3bd820_0;
    %pad/s 2;
    %assign/vec4 v0x55569b3bd9d0_0, 0;
    %load/vec4 v0x55569b3bd820_0;
    %addi 1, 0, 32;
    %store/vec4 v0x55569b3bd820_0, 0, 32;
    %jmp T_1.0;
T_1.1 ;
    %delay 5, 0;
    %vpi_call 2 28 "$finish" {0 0 0};
    %end;
    .thread T_1;
    .scope S_0x55569b371130;
T_2 ;
    %vpi_call 2 33 "$dumpfile", "mux_wave.vcd" {0 0 0};
    %vpi_call 2 34 "$dumpvars", 32'sb00000000000000000000000000000000, S_0x55569b371130 {0 0 0};
    %end;
    .thread T_2;
# The file index is used to find the file name in the following table.
:file_names 4;
    "N/A";
    "<interactive>";
    "tb.v";
    "mux4t1.v";
